<?xml version="1.0" encoding="UTF-8"?>
<!-- Generated by org.testng.reporters.JUnitReportReporter -->
<testsuite hostname="LAPTOP-Q3C0R1EQ" failures="0" tests="3" name="Batch_Execution.A" time="0.003" errors="0" timestamp="2022-11-05T15:02:38 IST" skipped="0">
  <testcase classname="Batch_Execution.A" name="TC2" time="0.001"/>
  <system-out>
    <![CDATA[running TC2]]>
  </system-out>
  <testcase classname="Batch_Execution.A" name="TC3" time="0.001"/>
  <system-out>
    <![CDATA[running TC3]]>
  </system-out>
  <testcase classname="Batch_Execution.A" name="TC1" time="0.001"/>
  <system-out>
    <![CDATA[running TC1]]>
  </system-out>
</testsuite> <!-- Batch_Execution.A -->
