<?xml version="1.0" encoding="UTF-8"?>
<!-- Generated by org.testng.reporters.JUnitReportReporter -->
<testsuite hostname="LAPTOP-Q3C0R1EQ" failures="0" tests="3" name="Batch_Execution.B" time="0.002" errors="0" timestamp="2022-11-05T15:02:38 IST" skipped="0">
  <testcase classname="Batch_Execution.B" name="TC6" time="0.001"/>
  <system-out>
    <![CDATA[running TC6]]>
  </system-out>
  <testcase classname="Batch_Execution.B" name="TC4" time="0.001"/>
  <system-out>
    <![CDATA[running TC4]]>
  </system-out>
  <testcase classname="Batch_Execution.B" name="TC5" time="0.000"/>
  <system-out>
    <![CDATA[running TC5]]>
  </system-out>
</testsuite> <!-- Batch_Execution.B -->
