<?xml version="1.0" encoding="UTF-8"?>
<!-- Generated by org.testng.reporters.JUnitReportReporter -->
<testsuite hostname="LAPTOP-Q3C0R1EQ" failures="0" tests="5" name="Test_NG.Invocation_count" time="0.014" errors="0" timestamp="2022-10-31T08:01:17 IST" skipped="0">
  <testcase classname="Test_NG.Invocation_count" name="tc1" time="0.001"/>
  <system-out>
    <![CDATA[running tc1]]>
  </system-out>
  <testcase classname="Test_NG.Invocation_count" name="tc1" time="0.000"/>
  <system-out>
    <![CDATA[running tc1]]>
  </system-out>
  <testcase classname="Test_NG.Invocation_count" name="tc1" time="0.002"/>
  <system-out>
    <![CDATA[running tc1]]>
  </system-out>
  <testcase classname="Test_NG.Invocation_count" name="tc1" time="0.001"/>
  <system-out>
    <![CDATA[running tc1]]>
  </system-out>
  <testcase classname="Test_NG.Invocation_count" name="tc1" time="0.010"/>
  <system-out>
    <![CDATA[running tc1]]>
  </system-out>
</testsuite> <!-- Test_NG.Invocation_count -->
