<?xml version="1.0" encoding="UTF-8"?>
<!-- Generated by org.testng.reporters.JUnitReportReporter -->
<testsuite hostname="LAPTOP-Q3C0R1EQ" failures="0" tests="1" name="Assert.Assert_True" time="0.013" errors="0" timestamp="2022-11-05T07:21:37 IST" skipped="0">
  <testcase classname="Assert.Assert_True" name="T1" time="0.013"/>
  <system-out>
    <![CDATA[running T1]]>
  </system-out>
</testsuite> <!-- Assert.Assert_True -->
