<?xml version="1.0" encoding="UTF-8"?>
<!-- Generated by org.testng.reporters.JUnitReportReporter -->
<testsuite hostname="LAPTOP-Q3C0R1EQ" failures="0" tests="1" name="Test_NG.Annotations" time="0.007" errors="0" timestamp="2022-11-15T09:12:52 IST" skipped="0">
  <testcase classname="Test_NG.Annotations" name="verifytext" time="0.007"/>
  <system-out>
    <![CDATA[running TC]]>
  </system-out>
</testsuite> <!-- Test_NG.Annotations -->
