<?xml version="1.0" encoding="UTF-8"?>
<!-- Generated by org.testng.reporters.JUnitReportReporter -->
<testsuite hostname="LAPTOP-Q3C0R1EQ" failures="0" tests="3" name="Batch_Execution.C" time="0.023" errors="0" timestamp="2022-11-05T15:02:38 IST" skipped="0">
  <testcase classname="Batch_Execution.C" name="TC7" time="0.013"/>
  <system-out>
    <![CDATA[running TC7]]>
  </system-out>
  <testcase classname="Batch_Execution.C" name="TC9" time="0.002"/>
  <system-out>
    <![CDATA[running TC9]]>
  </system-out>
  <testcase classname="Batch_Execution.C" name="TC8" time="0.008"/>
  <system-out>
    <![CDATA[running TC8]]>
  </system-out>
</testsuite> <!-- Batch_Execution.C -->
