<?xml version="1.0" encoding="UTF-8"?>
<!-- Generated by org.testng.reporters.JUnitReportReporter -->
<testsuite hostname="LAPTOP-Q3C0R1EQ" failures="0" tests="1" name="Assert.Assert_NotEquals" time="0.011" errors="0" timestamp="2022-11-05T07:15:45 IST" skipped="0">
  <testcase classname="Assert.Assert_NotEquals" name="T1" time="0.011"/>
  <system-out/>
</testsuite> <!-- Assert.Assert_NotEquals -->
