<?xml version="1.0" encoding="UTF-8"?>
<!-- Generated by org.testng.reporters.JUnitReportReporter -->
<testsuite hostname="LAPTOP-Q3C0R1EQ" failures="0" tests="2" name="MultiBrowsing.Flipkart_ChromeFirefox" time="0.019" errors="0" timestamp="2022-11-05T16:05:55 IST" skipped="0">
  <testcase classname="MultiBrowsing.Flipkart_ChromeFirefox" name="z1" time="0.002"/>
  <system-out>
    <![CDATA[login is completed]]>
  </system-out>
  <testcase classname="MultiBrowsing.Flipkart_ChromeFirefox" name="z1" time="0.017"/>
  <system-out>
    <![CDATA[login is completed]]>
  </system-out>
</testsuite> <!-- MultiBrowsing.Flipkart_ChromeFirefox -->
