<?xml version="1.0" encoding="UTF-8"?>
<!-- Generated by org.testng.reporters.JUnitReportReporter -->
<testsuite hostname="LAPTOP-Q3C0R1EQ" failures="0" tests="3" name="Test_NG.Enabled" time="0.010" errors="0" timestamp="2022-11-02T10:51:12 IST" skipped="1">
  <testcase classname="Test_NG.Enabled" name="t3" time="0.001"/>
  <system-out>
    <![CDATA[running T3]]>
  </system-out>
  <testcase classname="Test_NG.Enabled" name="t2" time="0.009"/>
  <system-out>
    <![CDATA[running T2]]>
  </system-out>
  <testcase classname="Test_NG.Enabled" name="t1">
    <skipped/>
  </testcase> <!-- t1 -->
  <system-out/>
</testsuite> <!-- Test_NG.Enabled -->
