<?xml version="1.0" encoding="UTF-8"?>
<!-- Generated by org.testng.reporters.JUnitReportReporter -->
<testsuite hostname="LAPTOP-Q3C0R1EQ" failures="0" tests="3" name="Test_NG.Priority" time="0.012" errors="0" timestamp="2022-10-31T08:03:43 IST" skipped="0">
  <testcase classname="Test_NG.Priority" name="tc3" time="0.010"/>
  <system-out>
    <![CDATA[running tc3]]>
  </system-out>
  <testcase classname="Test_NG.Priority" name="tc1" time="0.001"/>
  <system-out>
    <![CDATA[running tc1]]>
  </system-out>
  <testcase classname="Test_NG.Priority" name="tc2" time="0.001"/>
  <system-out>
    <![CDATA[running tc2]]>
  </system-out>
</testsuite> <!-- Test_NG.Priority -->
