<?xml version="1.0" encoding="UTF-8"?>
<!-- Generated by org.testng.reporters.JUnitReportReporter -->
<testsuite hostname="LAPTOP-Q3C0R1EQ" failures="0" tests="3" name="Test_NG.Timeout" time="0.018" errors="0" timestamp="2022-11-02T10:54:02 IST" skipped="0">
  <testcase classname="Test_NG.Timeout" name="z1" time="0.012"/>
  <system-out>
    <![CDATA[running z1]]>
  </system-out>
  <testcase classname="Test_NG.Timeout" name="z2" time="0.006"/>
  <system-out>
    <![CDATA[running z2]]>
  </system-out>
  <testcase classname="Test_NG.Timeout" name="z3" time="0.000"/>
  <system-out>
    <![CDATA[running z3]]>
  </system-out>
</testsuite> <!-- Test_NG.Timeout -->
