<?xml version="1.0" encoding="UTF-8"?>
<!-- Generated by org.testng.reporters.JUnitReportReporter -->
<testsuite hostname="LAPTOP-Q3C0R1EQ" failures="0" tests="1" name="Assert.Assert_Equals" time="0.013" errors="0" timestamp="2022-11-05T07:14:47 IST" skipped="0">
  <testcase classname="Assert.Assert_Equals" name="T1" time="0.013"/>
  <system-out/>
</testsuite> <!-- Assert.Assert_Equals -->
