<?xml version="1.0" encoding="UTF-8"?>
<!-- Generated by org.testng.reporters.JUnitReportReporter -->
<testsuite hostname="LAPTOP-Q3C0R1EQ" failures="0" tests="1" name="Test_NG.TestNG" time="0.008" errors="0" timestamp="2022-10-31T07:58:08 IST" skipped="0">
  <testcase classname="Test_NG.TestNG" name="m" time="0.008"/>
  <system-out>
    <![CDATA[Hello]]>
  </system-out>
</testsuite> <!-- Test_NG.TestNG -->
